[0mGET /doctors [36m304 [0m35.266 ms - -[0m
[0mGET / [33m404 [0m5.819 ms - 1591[0m
[0mGET / [32m200 [0m7.888 ms - 23[0m
[0mGET / [32m200 [0m6.577 ms - 2[0m
[0mGET / [32m200 [0m7.911 ms - 16[0m
[0mGET / [33m404 [0m8.375 ms - 16[0m
[0mPOST / [33m404 [0m4.594 ms - 16[0m
[0mPOST /admin/doctors [0m- [0m- ms - -[0m
[0mPOST /admin/doctors [0m- [0m- ms - -[0m
[0mPOST /doctors [33m404 [0m4.379 ms - 16[0m
[0mPOST /doctors [33m404 [0m0.416 ms - 16[0m
[0mPOST /doctors [33m404 [0m0.768 ms - 16[0m
[0mPOST /admin/doctors [32m200 [0m4096.042 ms - 72[0m
[0mPOST /admin/doctors [32m200 [0m30.429 ms - 72[0m
[0mPOST /admin/doctors [32m200 [0m76.419 ms - 72[0m
[0mPOST /admin/doctors [32m200 [0m113.440 ms - 72[0m
[0mPOST /admin/doctors [32m200 [0m54.492 ms - 72[0m
[0mPOST /admin/doctors [0m- [0m- ms - -[0m
[0mPOST /admin/doctors [0m- [0m- ms - -[0m
[0mGET /admin/specialties [33m404 [0m201.543 ms - 16[0m
[0mPOST /admin/specialties [32m200 [0m3045.419 ms - 58[0m
[0mPOST /admin/doctors [0m- [0m- ms - -[0m
[0mPOST /admin/states [0m- [0m- ms - -[0m
[0mPOST /admin/states [32m200 [0m1263.916 ms - 117[0m
[0mPOST /admin/states [32m200 [0m78.871 ms - 117[0m
[0mPOST /admin/states [32m200 [0m99.957 ms - 117[0m
[0mPOST /admin/cities [32m200 [0m390.656 ms - 95[0m
[0mPOST /admin/doctors [31m500 [0m25.888 ms - 2294[0m
[0mPOST /admin/doctors [32m200 [0m48.148 ms - 280[0m
[0mPOST /admin/doctors [32m200 [0m104.245 ms - 303[0m
[0mGET /admin/states [33m404 [0m381.319 ms - 16[0m
[0mGET /admin/states [33m404 [0m19.765 ms - 16[0m
[0mGET /states [33m404 [0m2.862 ms - 16[0m
[0mGET /states [33m404 [0m27.353 ms - 16[0m
[0mGET /states [32m200 [0m218.910 ms - 119[0m
[0mGET /states [32m200 [0m62.459 ms - 119[0m
[0mGET /states [32m200 [0m68.682 ms - 119[0m
[0mGET /states [32m200 [0m69.886 ms - 12[0m
[0mGET /doctors [32m200 [0m47.763 ms - 586[0m
[0mGET /cities [33m404 [0m87.203 ms - 16[0m
[0mGET /cities [32m200 [0m90.470 ms - 130[0m
[0mGET /cities [32m200 [0m76.384 ms - 130[0m
[0mGET /cities [32m200 [0m7.791 ms - 130[0m
[0mGET /cities [32m200 [0m26.331 ms - 130[0m
[0mGET /cities [32m200 [0m5.611 ms - 130[0m
[0mGET /cities [32m200 [0m53.935 ms - 108[0m
[0mGET /users [32m200 [0m4481.512 ms - 108[0m
[0mGET /users [31m500 [0m27.291 ms - 2280[0m
[0mGET /users [31m500 [0m32.328 ms - 2279[0m
[0mGET /users [32m200 [0m52.173 ms - 12[0m
[0mPOST /users [33m404 [0m2.486 ms - 16[0m
[0mPOST /users [32m200 [0m589.413 ms - 184[0m
[0mPOST /bookeds [32m200 [0m100.372 ms - 184[0m
[0mPOST /bookeds [32m200 [0m69.882 ms - 133[0m
[0mPOST /bookeds [32m200 [0m454.799 ms - 229[0m
[0mPOST /bookeds [0m- [0m- ms - -[0m
[0mPOST /bookeds [32m200 [0m68.285 ms - 229[0m
[0mPOST /users/5e7ccfd87c1df0413b230dda [32m200 [0m132.831 ms - 211[0m
[0mPOST /users [32m200 [0m7.328 ms - 211[0m
[0mGET /users [32m200 [0m47.119 ms - 925[0m
[0mGET /users/5e7ccfd87c1df0413b230dda [32m200 [0m11.462 ms - 184[0m
[0mGET /users/5e7ccfd87c1df0413b230dda/bookeds [33m404 [0m720.972 ms - 16[0m
[0mGET /users/5e7ccfd87c1df0413b230dda/booked [32m200 [0m43.557 ms - 184[0m
[0mGET /users/5e7ccfd87c1df0413b230dda/booked [32m200 [0m177.845 ms - 969[0m
[0mGET /users/5e7ccfd87c1df0413b230dda/booked [32m200 [0m16.122 ms - 485[0m
[0mGET /users [32m200 [0m84.402 ms - 925[0m
[0mGET /doctors [32m200 [0m61.151 ms - 473[0m
[0mGET /doctors/5e7cd614958fa866972b40b5 [32m200 [0m13.680 ms - 229[0m
[0mGET /doctors/5e7cd614958fa866972b40b5/bookeds [33m404 [0m2.143 ms - 16[0m
[0mGET /doctors/5e7cd614958fa866972b40b5/bookeds [33m404 [0m1.878 ms - 16[0m
[0mGET /doctors/5e7cd614958fa866972b40b5/bookeds [32m200 [0m54.362 ms - 2[0m
[0mGET /doctors/5e7cd614958fa866972b40b5/bookeds [32m200 [0m53.409 ms - 2[0m
[0mGET /doctors [32m200 [0m19.141 ms - 473[0m
[0mGET /doctors [32m200 [0m84.010 ms - 598[0m
[0mGET /doctors/5e7b7d9e48d188456bbff47d [32m200 [0m12.170 ms - 280[0m
[0mGET /doctors/5e7b7d9e48d188456bbff47d/bookeds [32m200 [0m72.020 ms - 763[0m
[0mGET /cities [32m200 [0m70.655 ms - 108[0m
[0mGET /cities/5e7b7c1dfb1ca937fba21850 [32m200 [0m47.302 ms - 95[0m
[0mGET /cities/5e7b7c1dfb1ca937fba21850/doctors [31m500 [0m20.252 ms - 2298[0m
[0mGET /cities/5e7b7c1dfb1ca937fba21850/doctors [31m500 [0m53.087 ms - 2298[0m
[0mGET /cities/5e7b7c1dfb1ca937fba21850/doctors [31m500 [0m38.072 ms - 2298[0m
[0mGET /cities/5e7b7c1dfb1ca937fba21850/doctors [32m200 [0m85.611 ms - 662[0m
[0mGET /cities/5e7b7c1dfb1ca937fba21850/doctors [32m200 [0m67.262 ms - 662[0m
[0mGET /states [32m200 [0m64.318 ms - 130[0m
[0mGET /states/5e7b7798debd5223219c4c85 [32m200 [0m36.661 ms - 128[0m
[0mGET /states/5e7b7798debd5223219c4c85/cities [31m500 [0m4.169 ms - 2268[0m
[0mGET /states/5e7b7798debd5223219c4c85/cities [32m200 [0m61.839 ms - 108[0m
[0mGET /specialties [32m200 [0m131.513 ms - 76[0m
[0mGET /specialties/5e7b721ae931af7be7e1feb3 [32m200 [0m53.544 ms - 58[0m
[0mGET /specialties/5e7b721ae931af7be7e1feb3/doctors [32m200 [0m46.023 ms - 662[0m
[0mPOST /users [32m200 [0m4372.719 ms - 194[0m
[0mPOST /doctors [33m404 [0m3.799 ms - 16[0m
[0mPOST /admin/doctors [32m200 [0m362.530 ms - 381[0m
[0mGET /admin/specialties [33m404 [0m4.810 ms - 16[0m
[0mPOST /admin/specialties [32m200 [0m377.371 ms - 140[0m
[0mPOST /admin/states [32m200 [0m350.631 ms - 197[0m
[0mGET /users [32m200 [0m298.087 ms - 206[0m
[0mGET /doctors [32m200 [0m2500.604 ms - 373[0m
